[ 2017-11-30T22:54:46+08:00 ] 127.0.0.1 /
INFO: [ app_init ] --START--
INFO: Run Behavior\BuildLiteBehavior [ RunTime:0.000030s ]
INFO: [ app_init ] --END-- [ RunTime:0.546359s ]
INFO: [ app_begin ] --START--
INFO: Run Behavior\ReadHtmlCacheBehavior [ RunTime:0.040794s ]
INFO: [ app_begin ] --END-- [ RunTime:0.040942s ]
NOTIC: [2] session_start(): Cannot send session cookie - headers already sent D:\PHP\wamp64\www\TP\ThinkPHP\Common\functions.php 第 1263 行.
NOTIC: [2] session_start(): Cannot send session cache limiter - headers already sent D:\PHP\wamp64\www\TP\ThinkPHP\Common\functions.php 第 1263 行.
INFO: [ view_parse ] --START--
INFO: Run Behavior\ParseTemplateBehavior [ RunTime:0.335896s ]
INFO: [ view_parse ] --END-- [ RunTime:0.336138s ]
INFO: [ view_filter ] --START--
INFO: Run Behavior\WriteHtmlCacheBehavior [ RunTime:0.103946s ]
INFO: [ view_filter ] --END-- [ RunTime:0.104131s ]
NOTIC: [2] Cannot modify header information - headers already sent D:\PHP\wamp64\www\TP\ThinkPHP\Library\Think\View.class.php 第 91 行.
NOTIC: [2] Cannot modify header information - headers already sent D:\PHP\wamp64\www\TP\ThinkPHP\Library\Think\View.class.php 第 92 行.
NOTIC: [2] Cannot modify header information - headers already sent D:\PHP\wamp64\www\TP\ThinkPHP\Library\Think\View.class.php 第 93 行.
INFO: [ app_end ] --START--
INFO: Run Behavior\ShowPageTraceBehavior [ RunTime:0.543951s ]
INFO: [ app_end ] --END-- [ RunTime:0.544071s ]

