[ 2017-11-06T11:22:19+08:00 ] ::1 /kuangjia/index.php
INFO: [ app_init ] --START--
INFO: Run Behavior\BuildLiteBehavior [ RunTime:0.000136s ]
INFO: [ app_init ] --END-- [ RunTime:0.001374s ]
INFO: [ app_begin ] --START--
INFO: Run Behavior\ReadHtmlCacheBehavior [ RunTime:0.005540s ]
INFO: [ app_begin ] --END-- [ RunTime:0.006359s ]
INFO: [ view_parse ] --START--
INFO: [ template_filter ] --START--
INFO: Run Behavior\ContentReplaceBehavior [ RunTime:0.000291s ]
INFO: [ template_filter ] --END-- [ RunTime:0.000974s ]
INFO: Run Behavior\ParseTemplateBehavior [ RunTime:0.034644s ]
INFO: [ view_parse ] --END-- [ RunTime:0.035504s ]
INFO: [ view_filter ] --START--
INFO: Run Behavior\WriteHtmlCacheBehavior [ RunTime:0.002725s ]
INFO: [ view_filter ] --END-- [ RunTime:0.003352s ]
INFO: [ app_end ] --START--
INFO: Run Behavior\ShowPageTraceBehavior [ RunTime:0.003425s ]
INFO: [ app_end ] --END-- [ RunTime:0.004047s ]

[ 2017-11-06T11:50:45+08:00 ] ::1 /kuangjia/index.php
INFO: [ app_init ] --START--
INFO: Run Behavior\BuildLiteBehavior [ RunTime:0.000042s ]
INFO: [ app_init ] --END-- [ RunTime:0.004683s ]
INFO: [ app_begin ] --START--
INFO: Run Behavior\ReadHtmlCacheBehavior [ RunTime:0.007777s ]
INFO: [ app_begin ] --END-- [ RunTime:0.007970s ]
INFO: [ view_parse ] --START--
INFO: Run Behavior\ParseTemplateBehavior [ RunTime:0.004040s ]
INFO: [ view_parse ] --END-- [ RunTime:0.004230s ]
INFO: [ view_filter ] --START--
INFO: Run Behavior\WriteHtmlCacheBehavior [ RunTime:0.003157s ]
INFO: [ view_filter ] --END-- [ RunTime:0.003299s ]
INFO: [ app_end ] --START--
INFO: Run Behavior\ShowPageTraceBehavior [ RunTime:0.004135s ]
INFO: [ app_end ] --END-- [ RunTime:0.004273s ]

