[ 2017-11-15T09:43:23+08:00 ] 127.0.0.1 /favicon.ico
INFO: [ app_init ] --START--
INFO: Run Behavior\BuildLiteBehavior [ RunTime:0.000021s ]
INFO: [ app_init ] --END-- [ RunTime:0.000813s ]
ERR: 无法加载模块:Favicon

[ 2017-11-15T09:44:21+08:00 ] 127.0.0.1 /Public/image/2017-11-14/5a0a790eea361.jpg
INFO: [ app_init ] --START--
INFO: Run Behavior\BuildLiteBehavior [ RunTime:0.000032s ]
INFO: [ app_init ] --END-- [ RunTime:0.003559s ]
ERR: 无法加载模块:Public

[ 2017-11-15T09:56:46+08:00 ] 127.0.0.1 /Public/images/342780.jpg
INFO: [ app_init ] --START--
INFO: Run Behavior\BuildLiteBehavior [ RunTime:0.000038s ]
INFO: [ app_init ] --END-- [ RunTime:0.002404s ]
ERR: 无法加载模块:Public

[ 2017-11-15T10:01:17+08:00 ] 127.0.0.1 /Public/images/342780.jpg
INFO: [ app_init ] --START--
INFO: Run Behavior\BuildLiteBehavior [ RunTime:0.000039s ]
INFO: [ app_init ] --END-- [ RunTime:0.001882s ]
ERR: 无法加载模块:Public

[ 2017-11-15T10:01:21+08:00 ] 127.0.0.1 /Public/images/342780.jpg
INFO: [ app_init ] --START--
INFO: Run Behavior\BuildLiteBehavior [ RunTime:0.000030s ]
INFO: [ app_init ] --END-- [ RunTime:0.001435s ]
ERR: 无法加载模块:Public

[ 2017-11-15T10:03:00+08:00 ] 127.0.0.1 /Public/images/342780.jpg
INFO: [ app_init ] --START--
INFO: Run Behavior\BuildLiteBehavior [ RunTime:0.000027s ]
INFO: [ app_init ] --END-- [ RunTime:0.001253s ]
ERR: 无法加载模块:Public

[ 2017-11-15T10:03:22+08:00 ] 127.0.0.1 /Public/images/342780.jpg
INFO: [ app_init ] --START--
INFO: Run Behavior\BuildLiteBehavior [ RunTime:0.000037s ]
INFO: [ app_init ] --END-- [ RunTime:0.001861s ]
ERR: 无法加载模块:Public

[ 2017-11-15T10:03:22+08:00 ] 127.0.0.1 /Public/images/342780.jpg
INFO: [ app_init ] --START--
INFO: Run Behavior\BuildLiteBehavior [ RunTime:0.000027s ]
INFO: [ app_init ] --END-- [ RunTime:0.001296s ]
ERR: 无法加载模块:Public

[ 2017-11-15T10:11:54+08:00 ] 127.0.0.1 /Public/images/342780.jpg
INFO: [ app_init ] --START--
INFO: Run Behavior\BuildLiteBehavior [ RunTime:0.000044s ]
INFO: [ app_init ] --END-- [ RunTime:0.002077s ]
ERR: 无法加载模块:Public

[ 2017-11-15T10:12:36+08:00 ] 127.0.0.1 /Public/images/342780.jpg
INFO: [ app_init ] --START--
INFO: Run Behavior\BuildLiteBehavior [ RunTime:0.000032s ]
INFO: [ app_init ] --END-- [ RunTime:0.001838s ]
ERR: 无法加载模块:Public

[ 2017-11-15T10:12:36+08:00 ] 127.0.0.1 /Public/images/342780.jpg
INFO: [ app_init ] --START--
INFO: Run Behavior\BuildLiteBehavior [ RunTime:0.000031s ]
INFO: [ app_init ] --END-- [ RunTime:0.001436s ]
ERR: 无法加载模块:Public

[ 2017-11-15T10:13:11+08:00 ] 127.0.0.1 /Public/images/342780.jpg
INFO: [ app_init ] --START--
INFO: Run Behavior\BuildLiteBehavior [ RunTime:0.000087s ]
INFO: [ app_init ] --END-- [ RunTime:0.016818s ]
ERR: 无法加载模块:Public

[ 2017-11-15T10:15:13+08:00 ] 127.0.0.1 /Public/images/342780.jpg
INFO: [ app_init ] --START--
INFO: Run Behavior\BuildLiteBehavior [ RunTime:0.000039s ]
INFO: [ app_init ] --END-- [ RunTime:0.002183s ]
ERR: 无法加载模块:Public

[ 2017-11-15T10:15:29+08:00 ] 127.0.0.1 /Public/images/342780.jpg
INFO: [ app_init ] --START--
INFO: Run Behavior\BuildLiteBehavior [ RunTime:0.000050s ]
INFO: [ app_init ] --END-- [ RunTime:0.002352s ]
ERR: 无法加载模块:Public

[ 2017-11-15T10:15:47+08:00 ] 127.0.0.1 /Public/images/342780.jpg
INFO: [ app_init ] --START--
INFO: Run Behavior\BuildLiteBehavior [ RunTime:0.000039s ]
INFO: [ app_init ] --END-- [ RunTime:0.001917s ]
ERR: 无法加载模块:Public

[ 2017-11-15T10:15:47+08:00 ] 127.0.0.1 /Public/images/342780.jpg
INFO: [ app_init ] --START--
INFO: Run Behavior\BuildLiteBehavior [ RunTime:0.000040s ]
INFO: [ app_init ] --END-- [ RunTime:0.002028s ]
ERR: 无法加载模块:Public

[ 2017-11-15T10:15:51+08:00 ] 127.0.0.1 /Public/images/342780.jpg
INFO: [ app_init ] --START--
INFO: Run Behavior\BuildLiteBehavior [ RunTime:0.000037s ]
INFO: [ app_init ] --END-- [ RunTime:0.001887s ]
ERR: 无法加载模块:Public

[ 2017-11-15T10:16:00+08:00 ] 127.0.0.1 /Public/images/342780.jpg
INFO: [ app_init ] --START--
INFO: Run Behavior\BuildLiteBehavior [ RunTime:0.000031s ]
INFO: [ app_init ] --END-- [ RunTime:0.001454s ]
ERR: 无法加载模块:Public

[ 2017-11-15T10:17:02+08:00 ] 127.0.0.1 /Public/images/342780.jpg
INFO: [ app_init ] --START--
INFO: Run Behavior\BuildLiteBehavior [ RunTime:0.000039s ]
INFO: [ app_init ] --END-- [ RunTime:0.010393s ]
ERR: 无法加载模块:Public

[ 2017-11-15T10:17:29+08:00 ] 127.0.0.1 /Public/images/342780.jpg
INFO: [ app_init ] --START--
INFO: Run Behavior\BuildLiteBehavior [ RunTime:0.000024s ]
INFO: [ app_init ] --END-- [ RunTime:0.001100s ]
ERR: 无法加载模块:Public

[ 2017-11-15T10:19:14+08:00 ] 127.0.0.1 /Public/images/342780.jpg
INFO: [ app_init ] --START--
INFO: Run Behavior\BuildLiteBehavior [ RunTime:0.000025s ]
INFO: [ app_init ] --END-- [ RunTime:0.001115s ]
ERR: 无法加载模块:Public

[ 2017-11-15T10:19:15+08:00 ] 127.0.0.1 /Public/images/342780.jpg
INFO: [ app_init ] --START--
INFO: Run Behavior\BuildLiteBehavior [ RunTime:0.000026s ]
INFO: [ app_init ] --END-- [ RunTime:0.001264s ]
ERR: 无法加载模块:Public

[ 2017-11-15T10:19:46+08:00 ] 127.0.0.1 /Public/images/342780.jpg
INFO: [ app_init ] --START--
INFO: Run Behavior\BuildLiteBehavior [ RunTime:0.000037s ]
INFO: [ app_init ] --END-- [ RunTime:0.001974s ]
ERR: 无法加载模块:Public

[ 2017-11-15T10:19:46+08:00 ] 127.0.0.1 /Public/images/342780.jpg
INFO: [ app_init ] --START--
INFO: Run Behavior\BuildLiteBehavior [ RunTime:0.000040s ]
INFO: [ app_init ] --END-- [ RunTime:0.002989s ]
ERR: 无法加载模块:Public

[ 2017-11-15T10:20:34+08:00 ] 127.0.0.1 /Public/images/342780.jpg
INFO: [ app_init ] --START--
INFO: Run Behavior\BuildLiteBehavior [ RunTime:0.000038s ]
INFO: [ app_init ] --END-- [ RunTime:0.001880s ]
ERR: 无法加载模块:Public

[ 2017-11-15T10:20:49+08:00 ] 127.0.0.1 /Public/images/342780.jpg
INFO: [ app_init ] --START--
INFO: Run Behavior\BuildLiteBehavior [ RunTime:0.000025s ]
INFO: [ app_init ] --END-- [ RunTime:0.001020s ]
ERR: 无法加载模块:Public

[ 2017-11-15T10:20:49+08:00 ] 127.0.0.1 /Public/images/342780.jpg
INFO: [ app_init ] --START--
INFO: Run Behavior\BuildLiteBehavior [ RunTime:0.000022s ]
INFO: [ app_init ] --END-- [ RunTime:0.000946s ]
ERR: 无法加载模块:Public

[ 2017-11-15T10:21:08+08:00 ] 127.0.0.1 /Public/images/342780.jpg
INFO: [ app_init ] --START--
INFO: Run Behavior\BuildLiteBehavior [ RunTime:0.000027s ]
INFO: [ app_init ] --END-- [ RunTime:0.001241s ]
ERR: 无法加载模块:Public

[ 2017-11-15T10:21:21+08:00 ] 127.0.0.1 /Public/images/342780.jpg
INFO: [ app_init ] --START--
INFO: Run Behavior\BuildLiteBehavior [ RunTime:0.000026s ]
INFO: [ app_init ] --END-- [ RunTime:0.001503s ]
ERR: 无法加载模块:Public

[ 2017-11-15T10:22:02+08:00 ] 127.0.0.1 /Public/image/2017-11-14/5a0ade686515c.jpg
INFO: [ app_init ] --START--
INFO: Run Behavior\BuildLiteBehavior [ RunTime:0.000025s ]
INFO: [ app_init ] --END-- [ RunTime:0.001086s ]
ERR: 无法加载模块:Public

[ 2017-11-15T10:23:21+08:00 ] 127.0.0.1 /Public/image/2017-11-14/5a0ade686515c.jpg
INFO: [ app_init ] --START--
INFO: Run Behavior\BuildLiteBehavior [ RunTime:0.000040s ]
INFO: [ app_init ] --END-- [ RunTime:0.002347s ]
ERR: 无法加载模块:Public

[ 2017-11-15T10:23:43+08:00 ] 127.0.0.1 /Public/image/2017-11-14/5a0ade686515c.jpg
INFO: [ app_init ] --START--
INFO: Run Behavior\BuildLiteBehavior [ RunTime:0.000044s ]
INFO: [ app_init ] --END-- [ RunTime:0.002222s ]
ERR: 无法加载模块:Public

[ 2017-11-15T10:24:36+08:00 ] 127.0.0.1 /Public/image/2017-11-14/5a0ade686515c.jpg
INFO: [ app_init ] --START--
INFO: Run Behavior\BuildLiteBehavior [ RunTime:0.000045s ]
INFO: [ app_init ] --END-- [ RunTime:0.006449s ]
ERR: 无法加载模块:Public

[ 2017-11-15T11:41:50+08:00 ] 127.0.0.1 /Public/images/342780.jpg
INFO: [ app_init ] --START--
INFO: Run Behavior\BuildLiteBehavior [ RunTime:0.000026s ]
INFO: [ app_init ] --END-- [ RunTime:0.001521s ]
ERR: 无法加载模块:Public

[ 2017-11-15T11:42:01+08:00 ] 127.0.0.1 /Public/images/342780.jpg
INFO: [ app_init ] --START--
INFO: Run Behavior\BuildLiteBehavior [ RunTime:0.000038s ]
INFO: [ app_init ] --END-- [ RunTime:0.002387s ]
ERR: 无法加载模块:Public

[ 2017-11-15T11:42:01+08:00 ] 127.0.0.1 /Public/images/342780.jpg
INFO: [ app_init ] --START--
INFO: Run Behavior\BuildLiteBehavior [ RunTime:0.000089s ]
INFO: [ app_init ] --END-- [ RunTime:0.002828s ]
ERR: 无法加载模块:Public

[ 2017-11-15T11:42:02+08:00 ] 127.0.0.1 /Public/images/342780.jpg
INFO: [ app_init ] --START--
INFO: Run Behavior\BuildLiteBehavior [ RunTime:0.000038s ]
INFO: [ app_init ] --END-- [ RunTime:0.001874s ]
ERR: 无法加载模块:Public

[ 2017-11-15T11:42:03+08:00 ] 127.0.0.1 /Public/images/342780.jpg
INFO: [ app_init ] --START--
INFO: Run Behavior\BuildLiteBehavior [ RunTime:0.000032s ]
INFO: [ app_init ] --END-- [ RunTime:0.001450s ]
ERR: 无法加载模块:Public

[ 2017-11-15T11:42:04+08:00 ] 127.0.0.1 /Public/images/342780.jpg
INFO: [ app_init ] --START--
INFO: Run Behavior\BuildLiteBehavior [ RunTime:0.000040s ]
INFO: [ app_init ] --END-- [ RunTime:0.002072s ]
ERR: 无法加载模块:Public

[ 2017-11-15T11:42:09+08:00 ] 127.0.0.1 /Public/images/342780.jpg
INFO: [ app_init ] --START--
INFO: Run Behavior\BuildLiteBehavior [ RunTime:0.000039s ]
INFO: [ app_init ] --END-- [ RunTime:0.001877s ]
ERR: 无法加载模块:Public

[ 2017-11-15T11:42:09+08:00 ] 127.0.0.1 /Public/images/342780.jpg
INFO: [ app_init ] --START--
INFO: Run Behavior\BuildLiteBehavior [ RunTime:0.000099s ]
INFO: [ app_init ] --END-- [ RunTime:0.003153s ]
ERR: 无法加载模块:Public

[ 2017-11-15T11:42:09+08:00 ] 127.0.0.1 /Public/images/342780.jpg
INFO: [ app_init ] --START--
INFO: Run Behavior\BuildLiteBehavior [ RunTime:0.000027s ]
INFO: [ app_init ] --END-- [ RunTime:0.001956s ]
ERR: 无法加载模块:Public

[ 2017-11-15T11:42:12+08:00 ] 127.0.0.1 /Public/images/342780.jpg
INFO: [ app_init ] --START--
INFO: Run Behavior\BuildLiteBehavior [ RunTime:0.000136s ]
INFO: [ app_init ] --END-- [ RunTime:0.007399s ]
ERR: 无法加载模块:Public

[ 2017-11-15T11:42:13+08:00 ] 127.0.0.1 /Public/images/342780.jpg
INFO: [ app_init ] --START--
INFO: Run Behavior\BuildLiteBehavior [ RunTime:0.000042s ]
INFO: [ app_init ] --END-- [ RunTime:0.002145s ]
ERR: 无法加载模块:Public

[ 2017-11-15T11:43:35+08:00 ] 127.0.0.1 /Public/images/342780.jpg
INFO: [ app_init ] --START--
INFO: Run Behavior\BuildLiteBehavior [ RunTime:0.000037s ]
INFO: [ app_init ] --END-- [ RunTime:0.001773s ]
ERR: 无法加载模块:Public

[ 2017-11-15T11:43:35+08:00 ] 127.0.0.1 /Public/images/342780.jpg
INFO: [ app_init ] --START--
INFO: Run Behavior\BuildLiteBehavior [ RunTime:0.000037s ]
INFO: [ app_init ] --END-- [ RunTime:0.001776s ]
ERR: 无法加载模块:Public

[ 2017-11-15T11:43:36+08:00 ] 127.0.0.1 /Public/images/342780.jpg
INFO: [ app_init ] --START--
INFO: Run Behavior\BuildLiteBehavior [ RunTime:0.000038s ]
INFO: [ app_init ] --END-- [ RunTime:0.001876s ]
ERR: 无法加载模块:Public

[ 2017-11-15T11:43:39+08:00 ] 127.0.0.1 /Public/images/342780.jpg
INFO: [ app_init ] --START--
INFO: Run Behavior\BuildLiteBehavior [ RunTime:0.000038s ]
INFO: [ app_init ] --END-- [ RunTime:0.001856s ]
ERR: 无法加载模块:Public

[ 2017-11-15T11:43:39+08:00 ] 127.0.0.1 /Public/images/342780.jpg
INFO: [ app_init ] --START--
INFO: Run Behavior\BuildLiteBehavior [ RunTime:0.000037s ]
INFO: [ app_init ] --END-- [ RunTime:0.001758s ]
ERR: 无法加载模块:Public

[ 2017-11-15T11:43:39+08:00 ] 127.0.0.1 /Public/images/342780.jpg
INFO: [ app_init ] --START--
INFO: Run Behavior\BuildLiteBehavior [ RunTime:0.000451s ]
INFO: [ app_init ] --END-- [ RunTime:0.001953s ]
ERR: 无法加载模块:Public

[ 2017-11-15T11:43:40+08:00 ] 127.0.0.1 /Public/images/342780.jpg
INFO: [ app_init ] --START--
INFO: Run Behavior\BuildLiteBehavior [ RunTime:0.000032s ]
INFO: [ app_init ] --END-- [ RunTime:0.002216s ]
ERR: 无法加载模块:Public

[ 2017-11-15T11:43:40+08:00 ] 127.0.0.1 /Public/images/342780.jpg
INFO: [ app_init ] --START--
INFO: Run Behavior\BuildLiteBehavior [ RunTime:0.000022s ]
INFO: [ app_init ] --END-- [ RunTime:0.000942s ]
ERR: 无法加载模块:Public

[ 2017-11-15T11:43:40+08:00 ] 127.0.0.1 /Public/images/342780.jpg
INFO: [ app_init ] --START--
INFO: Run Behavior\BuildLiteBehavior [ RunTime:0.000021s ]
INFO: [ app_init ] --END-- [ RunTime:0.000815s ]
ERR: 无法加载模块:Public

[ 2017-11-15T11:43:41+08:00 ] 127.0.0.1 /Public/images/342780.jpg
INFO: [ app_init ] --START--
INFO: Run Behavior\BuildLiteBehavior [ RunTime:0.000068s ]
INFO: [ app_init ] --END-- [ RunTime:0.006963s ]
ERR: 无法加载模块:Public

[ 2017-11-15T13:23:38+08:00 ] 127.0.0.1 /Public/images/61999.jpg
INFO: [ app_init ] --START--
INFO: Run Behavior\BuildLiteBehavior [ RunTime:0.000038s ]
INFO: [ app_init ] --END-- [ RunTime:0.001972s ]
ERR: 无法加载模块:Public

[ 2017-11-15T13:23:38+08:00 ] 127.0.0.1 /Public/images/61999.jpg
INFO: [ app_init ] --START--
INFO: Run Behavior\BuildLiteBehavior [ RunTime:0.000025s ]
INFO: [ app_init ] --END-- [ RunTime:0.001939s ]
ERR: 无法加载模块:Public

[ 2017-11-15T13:24:27+08:00 ] 127.0.0.1 /Public/images/61999.jpg
INFO: [ app_init ] --START--
INFO: Run Behavior\BuildLiteBehavior [ RunTime:0.000039s ]
INFO: [ app_init ] --END-- [ RunTime:0.002013s ]
ERR: 无法加载模块:Public

[ 2017-11-15T13:29:23+08:00 ] 127.0.0.1 /public/fonts/glyphicons-halflings-regular.woff
INFO: [ app_init ] --START--
INFO: Run Behavior\BuildLiteBehavior [ RunTime:0.000025s ]
INFO: [ app_init ] --END-- [ RunTime:0.000991s ]
ERR: 无法加载模块:Public

[ 2017-11-15T13:29:25+08:00 ] 127.0.0.1 /public/fonts/glyphicons-halflings-regular.ttf
INFO: [ app_init ] --START--
INFO: Run Behavior\BuildLiteBehavior [ RunTime:0.000033s ]
INFO: [ app_init ] --END-- [ RunTime:0.004515s ]
ERR: 无法加载模块:Public

