[ 2017-11-08T09:31:23+08:00 ] 127.0.0.1 /favicon.ico
INFO: [ app_init ] --START--
INFO: Run Behavior\BuildLiteBehavior [ RunTime:0.000031s ]
INFO: [ app_init ] --END-- [ RunTime:0.001357s ]
ERR: 无法加载模块:Favicon

[ 2017-11-08T14:52:16+08:00 ] 127.0.0.1 /public/fonts/glyphicons-halflings-regular.woff
INFO: [ app_init ] --START--
INFO: Run Behavior\BuildLiteBehavior [ RunTime:0.000026s ]
INFO: [ app_init ] --END-- [ RunTime:0.002379s ]
ERR: 无法加载模块:Public

[ 2017-11-08T14:52:17+08:00 ] 127.0.0.1 /public/fonts/glyphicons-halflings-regular.ttf
INFO: [ app_init ] --START--
INFO: Run Behavior\BuildLiteBehavior [ RunTime:0.000039s ]
INFO: [ app_init ] --END-- [ RunTime:0.002046s ]
ERR: 无法加载模块:Public

[ 2017-11-08T14:52:48+08:00 ] 127.0.0.1 /public/fonts/glyphicons-halflings-regular.woff
INFO: [ app_init ] --START--
INFO: Run Behavior\BuildLiteBehavior [ RunTime:0.000027s ]
INFO: [ app_init ] --END-- [ RunTime:0.002119s ]
ERR: 无法加载模块:Public

[ 2017-11-08T14:52:48+08:00 ] 127.0.0.1 /public/fonts/glyphicons-halflings-regular.ttf
INFO: [ app_init ] --START--
INFO: Run Behavior\BuildLiteBehavior [ RunTime:0.000026s ]
INFO: [ app_init ] --END-- [ RunTime:0.001272s ]
ERR: 无法加载模块:Public

[ 2017-11-08T14:55:54+08:00 ] 127.0.0.1 /public/fonts/glyphicons-halflings-regular.woff
INFO: [ app_init ] --START--
INFO: Run Behavior\BuildLiteBehavior [ RunTime:0.000029s ]
INFO: [ app_init ] --END-- [ RunTime:0.003274s ]
ERR: 无法加载模块:Public

[ 2017-11-08T14:55:54+08:00 ] 127.0.0.1 /public/fonts/glyphicons-halflings-regular.ttf
INFO: [ app_init ] --START--
INFO: Run Behavior\BuildLiteBehavior [ RunTime:0.000029s ]
INFO: [ app_init ] --END-- [ RunTime:0.001359s ]
ERR: 无法加载模块:Public

[ 2017-11-08T14:56:07+08:00 ] 127.0.0.1 /public/fonts/glyphicons-halflings-regular.woff
INFO: [ app_init ] --START--
INFO: Run Behavior\BuildLiteBehavior [ RunTime:0.000034s ]
INFO: [ app_init ] --END-- [ RunTime:0.007502s ]
ERR: 无法加载模块:Public

[ 2017-11-08T14:56:07+08:00 ] 127.0.0.1 /public/fonts/glyphicons-halflings-regular.ttf
INFO: [ app_init ] --START--
INFO: Run Behavior\BuildLiteBehavior [ RunTime:0.000033s ]
INFO: [ app_init ] --END-- [ RunTime:0.001938s ]
ERR: 无法加载模块:Public

[ 2017-11-08T14:56:46+08:00 ] 127.0.0.1 /public/fonts/glyphicons-halflings-regular.woff
INFO: [ app_init ] --START--
INFO: Run Behavior\BuildLiteBehavior [ RunTime:0.000033s ]
INFO: [ app_init ] --END-- [ RunTime:0.001684s ]
ERR: 无法加载模块:Public

[ 2017-11-08T14:56:46+08:00 ] 127.0.0.1 /public/fonts/glyphicons-halflings-regular.ttf
INFO: [ app_init ] --START--
INFO: Run Behavior\BuildLiteBehavior [ RunTime:0.000024s ]
INFO: [ app_init ] --END-- [ RunTime:0.001222s ]
ERR: 无法加载模块:Public

[ 2017-11-08T15:00:12+08:00 ] 127.0.0.1 /public/fonts/glyphicons-halflings-regular.woff
INFO: [ app_init ] --START--
INFO: Run Behavior\BuildLiteBehavior [ RunTime:0.000023s ]
INFO: [ app_init ] --END-- [ RunTime:0.001191s ]
ERR: 无法加载模块:Public

[ 2017-11-08T15:00:12+08:00 ] 127.0.0.1 /public/fonts/glyphicons-halflings-regular.ttf
INFO: [ app_init ] --START--
INFO: Run Behavior\BuildLiteBehavior [ RunTime:0.000024s ]
INFO: [ app_init ] --END-- [ RunTime:0.001240s ]
ERR: 无法加载模块:Public

[ 2017-11-08T15:01:22+08:00 ] 127.0.0.1 /public/fonts/glyphicons-halflings-regular.woff
INFO: [ app_init ] --START--
INFO: Run Behavior\BuildLiteBehavior [ RunTime:0.000039s ]
INFO: [ app_init ] --END-- [ RunTime:0.002268s ]
ERR: 无法加载模块:Public

[ 2017-11-08T15:01:22+08:00 ] 127.0.0.1 /public/fonts/glyphicons-halflings-regular.ttf
INFO: [ app_init ] --START--
INFO: Run Behavior\BuildLiteBehavior [ RunTime:0.000028s ]
INFO: [ app_init ] --END-- [ RunTime:0.001467s ]
ERR: 无法加载模块:Public

[ 2017-11-08T15:01:29+08:00 ] 127.0.0.1 /public/fonts/glyphicons-halflings-regular.woff
INFO: [ app_init ] --START--
INFO: Run Behavior\BuildLiteBehavior [ RunTime:0.000026s ]
INFO: [ app_init ] --END-- [ RunTime:0.001921s ]
ERR: 无法加载模块:Public

[ 2017-11-08T15:01:29+08:00 ] 127.0.0.1 /public/fonts/glyphicons-halflings-regular.ttf
INFO: [ app_init ] --START--
INFO: Run Behavior\BuildLiteBehavior [ RunTime:0.000027s ]
INFO: [ app_init ] --END-- [ RunTime:0.002418s ]
ERR: 无法加载模块:Public

[ 2017-11-08T15:01:36+08:00 ] 127.0.0.1 /public/fonts/glyphicons-halflings-regular.woff
INFO: [ app_init ] --START--
INFO: Run Behavior\BuildLiteBehavior [ RunTime:0.000038s ]
INFO: [ app_init ] --END-- [ RunTime:0.002060s ]
ERR: 无法加载模块:Public

[ 2017-11-08T15:01:37+08:00 ] 127.0.0.1 /public/fonts/glyphicons-halflings-regular.ttf
INFO: [ app_init ] --START--
INFO: Run Behavior\BuildLiteBehavior [ RunTime:0.000029s ]
INFO: [ app_init ] --END-- [ RunTime:0.002111s ]
ERR: 无法加载模块:Public

[ 2017-11-08T15:01:43+08:00 ] 127.0.0.1 /public/fonts/glyphicons-halflings-regular.woff
INFO: [ app_init ] --START--
INFO: Run Behavior\BuildLiteBehavior [ RunTime:0.000025s ]
INFO: [ app_init ] --END-- [ RunTime:0.001248s ]
ERR: 无法加载模块:Public

[ 2017-11-08T15:01:44+08:00 ] 127.0.0.1 /public/fonts/glyphicons-halflings-regular.ttf
INFO: [ app_init ] --START--
INFO: Run Behavior\BuildLiteBehavior [ RunTime:0.000052s ]
INFO: [ app_init ] --END-- [ RunTime:0.001572s ]
ERR: 无法加载模块:Public

[ 2017-11-08T15:02:22+08:00 ] 127.0.0.1 /public/fonts/glyphicons-halflings-regular.woff
INFO: [ app_init ] --START--
INFO: Run Behavior\BuildLiteBehavior [ RunTime:0.000038s ]
INFO: [ app_init ] --END-- [ RunTime:0.003226s ]
ERR: 无法加载模块:Public

[ 2017-11-08T15:02:22+08:00 ] 127.0.0.1 /public/fonts/glyphicons-halflings-regular.ttf
INFO: [ app_init ] --START--
INFO: Run Behavior\BuildLiteBehavior [ RunTime:0.000026s ]
INFO: [ app_init ] --END-- [ RunTime:0.001481s ]
ERR: 无法加载模块:Public

[ 2017-11-08T15:04:20+08:00 ] 127.0.0.1 /public/fonts/glyphicons-halflings-regular.woff
INFO: [ app_init ] --START--
INFO: Run Behavior\BuildLiteBehavior [ RunTime:0.000026s ]
INFO: [ app_init ] --END-- [ RunTime:0.001324s ]
ERR: 无法加载模块:Public

[ 2017-11-08T15:04:21+08:00 ] 127.0.0.1 /public/fonts/glyphicons-halflings-regular.ttf
INFO: [ app_init ] --START--
INFO: Run Behavior\BuildLiteBehavior [ RunTime:0.000026s ]
INFO: [ app_init ] --END-- [ RunTime:0.001399s ]
ERR: 无法加载模块:Public

[ 2017-11-08T15:04:33+08:00 ] 127.0.0.1 /public/fonts/glyphicons-halflings-regular.woff
INFO: [ app_init ] --START--
INFO: Run Behavior\BuildLiteBehavior [ RunTime:0.000027s ]
INFO: [ app_init ] --END-- [ RunTime:0.001673s ]
ERR: 无法加载模块:Public

[ 2017-11-08T15:04:33+08:00 ] 127.0.0.1 /public/fonts/glyphicons-halflings-regular.ttf
INFO: [ app_init ] --START--
INFO: Run Behavior\BuildLiteBehavior [ RunTime:0.000025s ]
INFO: [ app_init ] --END-- [ RunTime:0.001363s ]
ERR: 无法加载模块:Public

[ 2017-11-08T15:14:32+08:00 ] 127.0.0.1 /public/fonts/glyphicons-halflings-regular.woff
INFO: [ app_init ] --START--
INFO: Run Behavior\BuildLiteBehavior [ RunTime:0.000026s ]
INFO: [ app_init ] --END-- [ RunTime:0.001285s ]
ERR: 无法加载模块:Public

[ 2017-11-08T15:14:32+08:00 ] 127.0.0.1 /public/fonts/glyphicons-halflings-regular.ttf
INFO: [ app_init ] --START--
INFO: Run Behavior\BuildLiteBehavior [ RunTime:0.000039s ]
INFO: [ app_init ] --END-- [ RunTime:0.001767s ]
ERR: 无法加载模块:Public

[ 2017-11-08T15:15:17+08:00 ] 127.0.0.1 /public/fonts/glyphicons-halflings-regular.woff
INFO: [ app_init ] --START--
INFO: Run Behavior\BuildLiteBehavior [ RunTime:0.000027s ]
INFO: [ app_init ] --END-- [ RunTime:0.001284s ]
ERR: 无法加载模块:Public

[ 2017-11-08T15:15:17+08:00 ] 127.0.0.1 /public/fonts/glyphicons-halflings-regular.ttf
INFO: [ app_init ] --START--
INFO: Run Behavior\BuildLiteBehavior [ RunTime:0.000071s ]
INFO: [ app_init ] --END-- [ RunTime:0.003018s ]
ERR: 无法加载模块:Public

[ 2017-11-08T15:16:14+08:00 ] 127.0.0.1 /public/fonts/glyphicons-halflings-regular.woff
INFO: [ app_init ] --START--
INFO: Run Behavior\BuildLiteBehavior [ RunTime:0.000022s ]
INFO: [ app_init ] --END-- [ RunTime:0.001088s ]
ERR: 无法加载模块:Public

[ 2017-11-08T15:16:15+08:00 ] 127.0.0.1 /public/fonts/glyphicons-halflings-regular.ttf
INFO: [ app_init ] --START--
INFO: Run Behavior\BuildLiteBehavior [ RunTime:0.000024s ]
INFO: [ app_init ] --END-- [ RunTime:0.001343s ]
ERR: 无法加载模块:Public

[ 2017-11-08T15:16:50+08:00 ] 127.0.0.1 /public/fonts/glyphicons-halflings-regular.woff
INFO: [ app_init ] --START--
INFO: Run Behavior\BuildLiteBehavior [ RunTime:0.000041s ]
INFO: [ app_init ] --END-- [ RunTime:0.001903s ]
ERR: 无法加载模块:Public

[ 2017-11-08T15:16:50+08:00 ] 127.0.0.1 /public/fonts/glyphicons-halflings-regular.ttf
INFO: [ app_init ] --START--
INFO: Run Behavior\BuildLiteBehavior [ RunTime:0.000063s ]
INFO: [ app_init ] --END-- [ RunTime:0.003071s ]
ERR: 无法加载模块:Public

[ 2017-11-08T15:19:42+08:00 ] 127.0.0.1 /public/fonts/glyphicons-halflings-regular.woff
INFO: [ app_init ] --START--
INFO: Run Behavior\BuildLiteBehavior [ RunTime:0.000028s ]
INFO: [ app_init ] --END-- [ RunTime:0.001745s ]
ERR: 无法加载模块:Public

[ 2017-11-08T15:19:42+08:00 ] 127.0.0.1 /public/fonts/glyphicons-halflings-regular.ttf
INFO: [ app_init ] --START--
INFO: Run Behavior\BuildLiteBehavior [ RunTime:0.000036s ]
INFO: [ app_init ] --END-- [ RunTime:0.005508s ]
ERR: 无法加载模块:Public

[ 2017-11-08T15:20:30+08:00 ] 127.0.0.1 /public/fonts/glyphicons-halflings-regular.woff
INFO: [ app_init ] --START--
INFO: Run Behavior\BuildLiteBehavior [ RunTime:0.000025s ]
INFO: [ app_init ] --END-- [ RunTime:0.001092s ]
ERR: 无法加载模块:Public

[ 2017-11-08T15:20:31+08:00 ] 127.0.0.1 /public/fonts/glyphicons-halflings-regular.ttf
INFO: [ app_init ] --START--
INFO: Run Behavior\BuildLiteBehavior [ RunTime:0.000023s ]
INFO: [ app_init ] --END-- [ RunTime:0.001415s ]
ERR: 无法加载模块:Public

[ 2017-11-08T15:21:37+08:00 ] 127.0.0.1 /public/fonts/glyphicons-halflings-regular.woff
INFO: [ app_init ] --START--
INFO: Run Behavior\BuildLiteBehavior [ RunTime:0.000537s ]
INFO: [ app_init ] --END-- [ RunTime:0.001801s ]
ERR: 无法加载模块:Public

[ 2017-11-08T15:21:37+08:00 ] 127.0.0.1 /public/fonts/glyphicons-halflings-regular.ttf
INFO: [ app_init ] --START--
INFO: Run Behavior\BuildLiteBehavior [ RunTime:0.000028s ]
INFO: [ app_init ] --END-- [ RunTime:0.001474s ]
ERR: 无法加载模块:Public

[ 2017-11-08T15:22:02+08:00 ] 127.0.0.1 /public/fonts/glyphicons-halflings-regular.woff
INFO: [ app_init ] --START--
INFO: Run Behavior\BuildLiteBehavior [ RunTime:0.000029s ]
INFO: [ app_init ] --END-- [ RunTime:0.001303s ]
ERR: 无法加载模块:Public

[ 2017-11-08T15:22:02+08:00 ] 127.0.0.1 /public/fonts/glyphicons-halflings-regular.ttf
INFO: [ app_init ] --START--
INFO: Run Behavior\BuildLiteBehavior [ RunTime:0.000027s ]
INFO: [ app_init ] --END-- [ RunTime:0.001368s ]
ERR: 无法加载模块:Public

[ 2017-11-08T15:23:03+08:00 ] 127.0.0.1 /public/fonts/glyphicons-halflings-regular.woff
INFO: [ app_init ] --START--
INFO: Run Behavior\BuildLiteBehavior [ RunTime:0.000026s ]
INFO: [ app_init ] --END-- [ RunTime:0.001399s ]
ERR: 无法加载模块:Public

[ 2017-11-08T15:23:04+08:00 ] 127.0.0.1 /public/fonts/glyphicons-halflings-regular.ttf
INFO: [ app_init ] --START--
INFO: Run Behavior\BuildLiteBehavior [ RunTime:0.000027s ]
INFO: [ app_init ] --END-- [ RunTime:0.001435s ]
ERR: 无法加载模块:Public

[ 2017-11-08T15:25:36+08:00 ] 127.0.0.1 /public/fonts/glyphicons-halflings-regular.woff
INFO: [ app_init ] --START--
INFO: Run Behavior\BuildLiteBehavior [ RunTime:0.000035s ]
INFO: [ app_init ] --END-- [ RunTime:0.002201s ]
ERR: 无法加载模块:Public

[ 2017-11-08T15:25:36+08:00 ] 127.0.0.1 /public/fonts/glyphicons-halflings-regular.ttf
INFO: [ app_init ] --START--
INFO: Run Behavior\BuildLiteBehavior [ RunTime:0.000027s ]
INFO: [ app_init ] --END-- [ RunTime:0.001602s ]
ERR: 无法加载模块:Public

[ 2017-11-08T15:26:10+08:00 ] 127.0.0.1 /public/fonts/glyphicons-halflings-regular.woff
INFO: [ app_init ] --START--
INFO: Run Behavior\BuildLiteBehavior [ RunTime:0.000051s ]
INFO: [ app_init ] --END-- [ RunTime:0.003578s ]
ERR: 无法加载模块:Public

[ 2017-11-08T15:26:11+08:00 ] 127.0.0.1 /public/fonts/glyphicons-halflings-regular.ttf
INFO: [ app_init ] --START--
INFO: Run Behavior\BuildLiteBehavior [ RunTime:0.000034s ]
INFO: [ app_init ] --END-- [ RunTime:0.001762s ]
ERR: 无法加载模块:Public

[ 2017-11-08T15:27:55+08:00 ] 127.0.0.1 /public/fonts/glyphicons-halflings-regular.woff
INFO: [ app_init ] --START--
INFO: Run Behavior\BuildLiteBehavior [ RunTime:0.000031s ]
INFO: [ app_init ] --END-- [ RunTime:0.001749s ]
ERR: 无法加载模块:Public

[ 2017-11-08T15:27:55+08:00 ] 127.0.0.1 /public/fonts/glyphicons-halflings-regular.ttf
INFO: [ app_init ] --START--
INFO: Run Behavior\BuildLiteBehavior [ RunTime:0.000035s ]
INFO: [ app_init ] --END-- [ RunTime:0.003552s ]
ERR: 无法加载模块:Public

[ 2017-11-08T15:28:39+08:00 ] 127.0.0.1 /public/fonts/glyphicons-halflings-regular.woff
INFO: [ app_init ] --START--
INFO: Run Behavior\BuildLiteBehavior [ RunTime:0.000030s ]
INFO: [ app_init ] --END-- [ RunTime:0.001698s ]
ERR: 无法加载模块:Public

[ 2017-11-08T15:28:39+08:00 ] 127.0.0.1 /public/fonts/glyphicons-halflings-regular.ttf
INFO: [ app_init ] --START--
INFO: Run Behavior\BuildLiteBehavior [ RunTime:0.000031s ]
INFO: [ app_init ] --END-- [ RunTime:0.001961s ]
ERR: 无法加载模块:Public

[ 2017-11-08T15:28:52+08:00 ] 127.0.0.1 /public/fonts/glyphicons-halflings-regular.woff
INFO: [ app_init ] --START--
INFO: Run Behavior\BuildLiteBehavior [ RunTime:0.000028s ]
INFO: [ app_init ] --END-- [ RunTime:0.001997s ]
ERR: 无法加载模块:Public

[ 2017-11-08T15:28:53+08:00 ] 127.0.0.1 /public/fonts/glyphicons-halflings-regular.ttf
INFO: [ app_init ] --START--
INFO: Run Behavior\BuildLiteBehavior [ RunTime:0.000028s ]
INFO: [ app_init ] --END-- [ RunTime:0.001901s ]
ERR: 无法加载模块:Public

[ 2017-11-08T15:29:19+08:00 ] 127.0.0.1 /public/fonts/glyphicons-halflings-regular.woff
INFO: [ app_init ] --START--
INFO: Run Behavior\BuildLiteBehavior [ RunTime:0.000026s ]
INFO: [ app_init ] --END-- [ RunTime:0.001284s ]
ERR: 无法加载模块:Public

[ 2017-11-08T15:29:19+08:00 ] 127.0.0.1 /public/fonts/glyphicons-halflings-regular.ttf
INFO: [ app_init ] --START--
INFO: Run Behavior\BuildLiteBehavior [ RunTime:0.000024s ]
INFO: [ app_init ] --END-- [ RunTime:0.001216s ]
ERR: 无法加载模块:Public

[ 2017-11-08T15:29:23+08:00 ] 127.0.0.1 /public/fonts/glyphicons-halflings-regular.woff
INFO: [ app_init ] --START--
INFO: Run Behavior\BuildLiteBehavior [ RunTime:0.000033s ]
INFO: [ app_init ] --END-- [ RunTime:0.009676s ]
ERR: 无法加载模块:Public

[ 2017-11-08T15:29:23+08:00 ] 127.0.0.1 /public/fonts/glyphicons-halflings-regular.ttf
INFO: [ app_init ] --START--
INFO: Run Behavior\BuildLiteBehavior [ RunTime:0.000028s ]
INFO: [ app_init ] --END-- [ RunTime:0.001483s ]
ERR: 无法加载模块:Public

[ 2017-11-08T15:29:50+08:00 ] 127.0.0.1 /public/fonts/glyphicons-halflings-regular.woff
INFO: [ app_init ] --START--
INFO: Run Behavior\BuildLiteBehavior [ RunTime:0.000033s ]
INFO: [ app_init ] --END-- [ RunTime:0.001710s ]
ERR: 无法加载模块:Public

[ 2017-11-08T15:29:50+08:00 ] 127.0.0.1 /public/fonts/glyphicons-halflings-regular.ttf
INFO: [ app_init ] --START--
INFO: Run Behavior\BuildLiteBehavior [ RunTime:0.000023s ]
INFO: [ app_init ] --END-- [ RunTime:0.001263s ]
ERR: 无法加载模块:Public

[ 2017-11-08T15:31:16+08:00 ] 127.0.0.1 /public/fonts/glyphicons-halflings-regular.woff
INFO: [ app_init ] --START--
INFO: Run Behavior\BuildLiteBehavior [ RunTime:0.000023s ]
INFO: [ app_init ] --END-- [ RunTime:0.001079s ]
ERR: 无法加载模块:Public

[ 2017-11-08T15:31:16+08:00 ] 127.0.0.1 /public/fonts/glyphicons-halflings-regular.ttf
INFO: [ app_init ] --START--
INFO: Run Behavior\BuildLiteBehavior [ RunTime:0.000026s ]
INFO: [ app_init ] --END-- [ RunTime:0.001367s ]
ERR: 无法加载模块:Public

[ 2017-11-08T15:31:41+08:00 ] 127.0.0.1 /public/fonts/glyphicons-halflings-regular.woff
INFO: [ app_init ] --START--
INFO: Run Behavior\BuildLiteBehavior [ RunTime:0.000023s ]
INFO: [ app_init ] --END-- [ RunTime:0.001068s ]
ERR: 无法加载模块:Public

[ 2017-11-08T15:31:42+08:00 ] 127.0.0.1 /public/fonts/glyphicons-halflings-regular.ttf
INFO: [ app_init ] --START--
INFO: Run Behavior\BuildLiteBehavior [ RunTime:0.000062s ]
INFO: [ app_init ] --END-- [ RunTime:0.001155s ]
ERR: 无法加载模块:Public

[ 2017-11-08T15:32:29+08:00 ] 127.0.0.1 /public/fonts/glyphicons-halflings-regular.woff
INFO: [ app_init ] --START--
INFO: Run Behavior\BuildLiteBehavior [ RunTime:0.000171s ]
INFO: [ app_init ] --END-- [ RunTime:0.002345s ]
ERR: 无法加载模块:Public

[ 2017-11-08T15:32:29+08:00 ] 127.0.0.1 /public/fonts/glyphicons-halflings-regular.ttf
INFO: [ app_init ] --START--
INFO: Run Behavior\BuildLiteBehavior [ RunTime:0.000029s ]
INFO: [ app_init ] --END-- [ RunTime:0.004764s ]
ERR: 无法加载模块:Public

[ 2017-11-08T15:32:43+08:00 ] 127.0.0.1 /public/fonts/glyphicons-halflings-regular.woff
INFO: [ app_init ] --START--
INFO: Run Behavior\BuildLiteBehavior [ RunTime:0.000027s ]
INFO: [ app_init ] --END-- [ RunTime:0.001295s ]
ERR: 无法加载模块:Public

[ 2017-11-08T15:32:43+08:00 ] 127.0.0.1 /public/fonts/glyphicons-halflings-regular.ttf
INFO: [ app_init ] --START--
INFO: Run Behavior\BuildLiteBehavior [ RunTime:0.000027s ]
INFO: [ app_init ] --END-- [ RunTime:0.005917s ]
ERR: 无法加载模块:Public

[ 2017-11-08T15:33:14+08:00 ] 127.0.0.1 /public/fonts/glyphicons-halflings-regular.woff
INFO: [ app_init ] --START--
INFO: Run Behavior\BuildLiteBehavior [ RunTime:0.000026s ]
INFO: [ app_init ] --END-- [ RunTime:0.001321s ]
ERR: 无法加载模块:Public

[ 2017-11-08T15:33:14+08:00 ] 127.0.0.1 /public/fonts/glyphicons-halflings-regular.ttf
INFO: [ app_init ] --START--
INFO: Run Behavior\BuildLiteBehavior [ RunTime:0.000026s ]
INFO: [ app_init ] --END-- [ RunTime:0.001226s ]
ERR: 无法加载模块:Public

[ 2017-11-08T15:33:37+08:00 ] 127.0.0.1 /public/fonts/glyphicons-halflings-regular.woff
INFO: [ app_init ] --START--
INFO: Run Behavior\BuildLiteBehavior [ RunTime:0.000034s ]
INFO: [ app_init ] --END-- [ RunTime:0.001304s ]
ERR: 无法加载模块:Public

[ 2017-11-08T15:33:37+08:00 ] 127.0.0.1 /public/fonts/glyphicons-halflings-regular.ttf
INFO: [ app_init ] --START--
INFO: Run Behavior\BuildLiteBehavior [ RunTime:0.000027s ]
INFO: [ app_init ] --END-- [ RunTime:0.001406s ]
ERR: 无法加载模块:Public

[ 2017-11-08T15:34:00+08:00 ] 127.0.0.1 /public/fonts/glyphicons-halflings-regular.woff
INFO: [ app_init ] --START--
INFO: Run Behavior\BuildLiteBehavior [ RunTime:0.000029s ]
INFO: [ app_init ] --END-- [ RunTime:0.002653s ]
ERR: 无法加载模块:Public

[ 2017-11-08T15:34:00+08:00 ] 127.0.0.1 /public/fonts/glyphicons-halflings-regular.ttf
INFO: [ app_init ] --START--
INFO: Run Behavior\BuildLiteBehavior [ RunTime:0.000028s ]
INFO: [ app_init ] --END-- [ RunTime:0.004302s ]
ERR: 无法加载模块:Public

[ 2017-11-08T15:34:10+08:00 ] 127.0.0.1 /public/fonts/glyphicons-halflings-regular.woff
INFO: [ app_init ] --START--
INFO: Run Behavior\BuildLiteBehavior [ RunTime:0.000029s ]
INFO: [ app_init ] --END-- [ RunTime:0.001403s ]
ERR: 无法加载模块:Public

[ 2017-11-08T15:34:10+08:00 ] 127.0.0.1 /public/fonts/glyphicons-halflings-regular.ttf
INFO: [ app_init ] --START--
INFO: Run Behavior\BuildLiteBehavior [ RunTime:0.000028s ]
INFO: [ app_init ] --END-- [ RunTime:0.001402s ]
ERR: 无法加载模块:Public

[ 2017-11-08T15:34:22+08:00 ] 127.0.0.1 /public/fonts/glyphicons-halflings-regular.woff
INFO: [ app_init ] --START--
INFO: Run Behavior\BuildLiteBehavior [ RunTime:0.000035s ]
INFO: [ app_init ] --END-- [ RunTime:0.013117s ]
ERR: 无法加载模块:Public

[ 2017-11-08T15:34:22+08:00 ] 127.0.0.1 /public/fonts/glyphicons-halflings-regular.ttf
INFO: [ app_init ] --START--
INFO: Run Behavior\BuildLiteBehavior [ RunTime:0.000135s ]
INFO: [ app_init ] --END-- [ RunTime:0.012951s ]
ERR: 无法加载模块:Public

[ 2017-11-08T15:34:44+08:00 ] 127.0.0.1 /public/fonts/glyphicons-halflings-regular.woff
INFO: [ app_init ] --START--
INFO: Run Behavior\BuildLiteBehavior [ RunTime:0.000024s ]
INFO: [ app_init ] --END-- [ RunTime:0.001089s ]
ERR: 无法加载模块:Public

[ 2017-11-08T15:34:44+08:00 ] 127.0.0.1 /public/fonts/glyphicons-halflings-regular.ttf
INFO: [ app_init ] --START--
INFO: Run Behavior\BuildLiteBehavior [ RunTime:0.000024s ]
INFO: [ app_init ] --END-- [ RunTime:0.001178s ]
ERR: 无法加载模块:Public

[ 2017-11-08T15:36:30+08:00 ] 127.0.0.1 /public/fonts/glyphicons-halflings-regular.woff
INFO: [ app_init ] --START--
INFO: Run Behavior\BuildLiteBehavior [ RunTime:0.000024s ]
INFO: [ app_init ] --END-- [ RunTime:0.001168s ]
ERR: 无法加载模块:Public

[ 2017-11-08T15:36:30+08:00 ] 127.0.0.1 /public/fonts/glyphicons-halflings-regular.ttf
INFO: [ app_init ] --START--
INFO: Run Behavior\BuildLiteBehavior [ RunTime:0.000023s ]
INFO: [ app_init ] --END-- [ RunTime:0.001606s ]
ERR: 无法加载模块:Public

[ 2017-11-08T15:36:40+08:00 ] 127.0.0.1 /public/fonts/glyphicons-halflings-regular.woff
INFO: [ app_init ] --START--
INFO: Run Behavior\BuildLiteBehavior [ RunTime:0.000027s ]
INFO: [ app_init ] --END-- [ RunTime:0.001276s ]
ERR: 无法加载模块:Public

[ 2017-11-08T15:36:41+08:00 ] 127.0.0.1 /public/fonts/glyphicons-halflings-regular.ttf
INFO: [ app_init ] --START--
INFO: Run Behavior\BuildLiteBehavior [ RunTime:0.000026s ]
INFO: [ app_init ] --END-- [ RunTime:0.001365s ]
ERR: 无法加载模块:Public

[ 2017-11-08T15:36:51+08:00 ] 127.0.0.1 /public/fonts/glyphicons-halflings-regular.woff
INFO: [ app_init ] --START--
INFO: Run Behavior\BuildLiteBehavior [ RunTime:0.000026s ]
INFO: [ app_init ] --END-- [ RunTime:0.001262s ]
ERR: 无法加载模块:Public

[ 2017-11-08T15:36:51+08:00 ] 127.0.0.1 /public/fonts/glyphicons-halflings-regular.ttf
INFO: [ app_init ] --START--
INFO: Run Behavior\BuildLiteBehavior [ RunTime:0.000030s ]
INFO: [ app_init ] --END-- [ RunTime:0.001908s ]
ERR: 无法加载模块:Public

[ 2017-11-08T15:37:33+08:00 ] 127.0.0.1 /public/fonts/glyphicons-halflings-regular.woff
INFO: [ app_init ] --START--
INFO: Run Behavior\BuildLiteBehavior [ RunTime:0.000033s ]
INFO: [ app_init ] --END-- [ RunTime:0.001710s ]
ERR: 无法加载模块:Public

[ 2017-11-08T15:37:33+08:00 ] 127.0.0.1 /public/fonts/glyphicons-halflings-regular.ttf
INFO: [ app_init ] --START--
INFO: Run Behavior\BuildLiteBehavior [ RunTime:0.000024s ]
INFO: [ app_init ] --END-- [ RunTime:0.013531s ]
ERR: 无法加载模块:Public

[ 2017-11-08T15:37:45+08:00 ] 127.0.0.1 /public/fonts/glyphicons-halflings-regular.woff
INFO: [ app_init ] --START--
INFO: Run Behavior\BuildLiteBehavior [ RunTime:0.000026s ]
INFO: [ app_init ] --END-- [ RunTime:0.018066s ]
ERR: 无法加载模块:Public

[ 2017-11-08T15:37:46+08:00 ] 127.0.0.1 /public/fonts/glyphicons-halflings-regular.ttf
INFO: [ app_init ] --START--
INFO: Run Behavior\BuildLiteBehavior [ RunTime:0.000025s ]
INFO: [ app_init ] --END-- [ RunTime:0.001173s ]
ERR: 无法加载模块:Public

[ 2017-11-08T15:38:19+08:00 ] 127.0.0.1 /public/fonts/glyphicons-halflings-regular.woff
INFO: [ app_init ] --START--
INFO: Run Behavior\BuildLiteBehavior [ RunTime:0.000028s ]
INFO: [ app_init ] --END-- [ RunTime:0.001263s ]
ERR: 无法加载模块:Public

[ 2017-11-08T15:38:19+08:00 ] 127.0.0.1 /public/fonts/glyphicons-halflings-regular.ttf
INFO: [ app_init ] --START--
INFO: Run Behavior\BuildLiteBehavior [ RunTime:0.000053s ]
INFO: [ app_init ] --END-- [ RunTime:0.003429s ]
ERR: 无法加载模块:Public

[ 2017-11-08T15:38:57+08:00 ] 127.0.0.1 /public/fonts/glyphicons-halflings-regular.woff
INFO: [ app_init ] --START--
INFO: Run Behavior\BuildLiteBehavior [ RunTime:0.000026s ]
INFO: [ app_init ] --END-- [ RunTime:0.001274s ]
ERR: 无法加载模块:Public

[ 2017-11-08T15:38:57+08:00 ] 127.0.0.1 /public/fonts/glyphicons-halflings-regular.ttf
INFO: [ app_init ] --START--
INFO: Run Behavior\BuildLiteBehavior [ RunTime:0.000026s ]
INFO: [ app_init ] --END-- [ RunTime:0.001590s ]
ERR: 无法加载模块:Public

[ 2017-11-08T15:39:22+08:00 ] 127.0.0.1 /public/fonts/glyphicons-halflings-regular.woff
INFO: [ app_init ] --START--
INFO: Run Behavior\BuildLiteBehavior [ RunTime:0.000029s ]
INFO: [ app_init ] --END-- [ RunTime:0.003280s ]
ERR: 无法加载模块:Public

[ 2017-11-08T15:39:22+08:00 ] 127.0.0.1 /public/fonts/glyphicons-halflings-regular.ttf
INFO: [ app_init ] --START--
INFO: Run Behavior\BuildLiteBehavior [ RunTime:0.000029s ]
INFO: [ app_init ] --END-- [ RunTime:0.002263s ]
ERR: 无法加载模块:Public

[ 2017-11-08T15:39:44+08:00 ] 127.0.0.1 /public/fonts/glyphicons-halflings-regular.woff
INFO: [ app_init ] --START--
INFO: Run Behavior\BuildLiteBehavior [ RunTime:0.000027s ]
INFO: [ app_init ] --END-- [ RunTime:0.001797s ]
ERR: 无法加载模块:Public

[ 2017-11-08T15:39:44+08:00 ] 127.0.0.1 /public/fonts/glyphicons-halflings-regular.ttf
INFO: [ app_init ] --START--
INFO: Run Behavior\BuildLiteBehavior [ RunTime:0.000025s ]
INFO: [ app_init ] --END-- [ RunTime:0.003029s ]
ERR: 无法加载模块:Public

[ 2017-11-08T15:40:12+08:00 ] 127.0.0.1 /public/fonts/glyphicons-halflings-regular.woff
INFO: [ app_init ] --START--
INFO: Run Behavior\BuildLiteBehavior [ RunTime:0.000026s ]
INFO: [ app_init ] --END-- [ RunTime:0.001311s ]
ERR: 无法加载模块:Public

[ 2017-11-08T15:40:12+08:00 ] 127.0.0.1 /public/fonts/glyphicons-halflings-regular.ttf
INFO: [ app_init ] --START--
INFO: Run Behavior\BuildLiteBehavior [ RunTime:0.000030s ]
INFO: [ app_init ] --END-- [ RunTime:0.004039s ]
ERR: 无法加载模块:Public

[ 2017-11-08T15:40:31+08:00 ] 127.0.0.1 /public/fonts/glyphicons-halflings-regular.woff
INFO: [ app_init ] --START--
INFO: Run Behavior\BuildLiteBehavior [ RunTime:0.000026s ]
INFO: [ app_init ] --END-- [ RunTime:0.001210s ]
ERR: 无法加载模块:Public

[ 2017-11-08T15:40:31+08:00 ] 127.0.0.1 /public/fonts/glyphicons-halflings-regular.ttf
INFO: [ app_init ] --START--
INFO: Run Behavior\BuildLiteBehavior [ RunTime:0.000026s ]
INFO: [ app_init ] --END-- [ RunTime:0.001237s ]
ERR: 无法加载模块:Public

[ 2017-11-08T15:42:41+08:00 ] 127.0.0.1 /public/fonts/glyphicons-halflings-regular.woff
INFO: [ app_init ] --START--
INFO: Run Behavior\BuildLiteBehavior [ RunTime:0.000028s ]
INFO: [ app_init ] --END-- [ RunTime:0.001371s ]
ERR: 无法加载模块:Public

[ 2017-11-08T15:42:42+08:00 ] 127.0.0.1 /public/fonts/glyphicons-halflings-regular.ttf
INFO: [ app_init ] --START--
INFO: Run Behavior\BuildLiteBehavior [ RunTime:0.000024s ]
INFO: [ app_init ] --END-- [ RunTime:0.001172s ]
ERR: 无法加载模块:Public

[ 2017-11-08T15:47:44+08:00 ] 127.0.0.1 /public/fonts/glyphicons-halflings-regular.woff
INFO: [ app_init ] --START--
INFO: Run Behavior\BuildLiteBehavior [ RunTime:0.000058s ]
INFO: [ app_init ] --END-- [ RunTime:0.001327s ]
ERR: 无法加载模块:Public

[ 2017-11-08T15:47:44+08:00 ] 127.0.0.1 /public/fonts/glyphicons-halflings-regular.ttf
INFO: [ app_init ] --START--
INFO: Run Behavior\BuildLiteBehavior [ RunTime:0.000026s ]
INFO: [ app_init ] --END-- [ RunTime:0.001315s ]
ERR: 无法加载模块:Public

[ 2017-11-08T15:48:14+08:00 ] 127.0.0.1 /public/fonts/glyphicons-halflings-regular.woff
INFO: [ app_init ] --START--
INFO: Run Behavior\BuildLiteBehavior [ RunTime:0.000031s ]
INFO: [ app_init ] --END-- [ RunTime:0.001648s ]
ERR: 无法加载模块:Public

[ 2017-11-08T15:48:14+08:00 ] 127.0.0.1 /public/fonts/glyphicons-halflings-regular.ttf
INFO: [ app_init ] --START--
INFO: Run Behavior\BuildLiteBehavior [ RunTime:0.000030s ]
INFO: [ app_init ] --END-- [ RunTime:0.001935s ]
ERR: 无法加载模块:Public

[ 2017-11-08T15:48:21+08:00 ] 127.0.0.1 /public/fonts/glyphicons-halflings-regular.woff
INFO: [ app_init ] --START--
INFO: Run Behavior\BuildLiteBehavior [ RunTime:0.000049s ]
INFO: [ app_init ] --END-- [ RunTime:0.003427s ]
ERR: 无法加载模块:Public

[ 2017-11-08T15:48:21+08:00 ] 127.0.0.1 /public/fonts/glyphicons-halflings-regular.ttf
INFO: [ app_init ] --START--
INFO: Run Behavior\BuildLiteBehavior [ RunTime:0.000029s ]
INFO: [ app_init ] --END-- [ RunTime:0.002271s ]
ERR: 无法加载模块:Public

[ 2017-11-08T15:48:41+08:00 ] 127.0.0.1 /public/fonts/glyphicons-halflings-regular.woff
INFO: [ app_init ] --START--
INFO: Run Behavior\BuildLiteBehavior [ RunTime:0.000028s ]
INFO: [ app_init ] --END-- [ RunTime:0.002271s ]
ERR: 无法加载模块:Public

[ 2017-11-08T15:48:41+08:00 ] 127.0.0.1 /public/fonts/glyphicons-halflings-regular.ttf
INFO: [ app_init ] --START--
INFO: Run Behavior\BuildLiteBehavior [ RunTime:0.000026s ]
INFO: [ app_init ] --END-- [ RunTime:0.001322s ]
ERR: 无法加载模块:Public

[ 2017-11-08T15:49:00+08:00 ] 127.0.0.1 /public/fonts/glyphicons-halflings-regular.woff
INFO: [ app_init ] --START--
INFO: Run Behavior\BuildLiteBehavior [ RunTime:0.000025s ]
INFO: [ app_init ] --END-- [ RunTime:0.001262s ]
ERR: 无法加载模块:Public

[ 2017-11-08T15:49:00+08:00 ] 127.0.0.1 /public/fonts/glyphicons-halflings-regular.ttf
INFO: [ app_init ] --START--
INFO: Run Behavior\BuildLiteBehavior [ RunTime:0.000027s ]
INFO: [ app_init ] --END-- [ RunTime:0.001904s ]
ERR: 无法加载模块:Public

[ 2017-11-08T15:49:11+08:00 ] 127.0.0.1 /public/fonts/glyphicons-halflings-regular.woff
INFO: [ app_init ] --START--
INFO: Run Behavior\BuildLiteBehavior [ RunTime:0.000027s ]
INFO: [ app_init ] --END-- [ RunTime:0.001771s ]
ERR: 无法加载模块:Public

[ 2017-11-08T15:49:11+08:00 ] 127.0.0.1 /public/fonts/glyphicons-halflings-regular.ttf
INFO: [ app_init ] --START--
INFO: Run Behavior\BuildLiteBehavior [ RunTime:0.000027s ]
INFO: [ app_init ] --END-- [ RunTime:0.001322s ]
ERR: 无法加载模块:Public

[ 2017-11-08T15:49:24+08:00 ] 127.0.0.1 /public/fonts/glyphicons-halflings-regular.woff
INFO: [ app_init ] --START--
INFO: Run Behavior\BuildLiteBehavior [ RunTime:0.000034s ]
INFO: [ app_init ] --END-- [ RunTime:0.060063s ]
ERR: 无法加载模块:Public

[ 2017-11-08T15:49:24+08:00 ] 127.0.0.1 /public/fonts/glyphicons-halflings-regular.ttf
INFO: [ app_init ] --START--
INFO: Run Behavior\BuildLiteBehavior [ RunTime:0.000024s ]
INFO: [ app_init ] --END-- [ RunTime:0.001142s ]
ERR: 无法加载模块:Public

[ 2017-11-08T15:51:36+08:00 ] 127.0.0.1 /public/fonts/glyphicons-halflings-regular.woff
INFO: [ app_init ] --START--
INFO: Run Behavior\BuildLiteBehavior [ RunTime:0.000027s ]
INFO: [ app_init ] --END-- [ RunTime:0.001576s ]
ERR: 无法加载模块:Public

[ 2017-11-08T15:51:36+08:00 ] 127.0.0.1 /public/fonts/glyphicons-halflings-regular.ttf
INFO: [ app_init ] --START--
INFO: Run Behavior\BuildLiteBehavior [ RunTime:0.000029s ]
INFO: [ app_init ] --END-- [ RunTime:0.001189s ]
ERR: 无法加载模块:Public

[ 2017-11-08T15:52:09+08:00 ] 127.0.0.1 /public/fonts/glyphicons-halflings-regular.woff
INFO: [ app_init ] --START--
INFO: Run Behavior\BuildLiteBehavior [ RunTime:0.000030s ]
INFO: [ app_init ] --END-- [ RunTime:0.007659s ]
ERR: 无法加载模块:Public

[ 2017-11-08T15:52:10+08:00 ] 127.0.0.1 /public/fonts/glyphicons-halflings-regular.ttf
INFO: [ app_init ] --START--
INFO: Run Behavior\BuildLiteBehavior [ RunTime:0.000026s ]
INFO: [ app_init ] --END-- [ RunTime:0.001743s ]
ERR: 无法加载模块:Public

[ 2017-11-08T15:52:24+08:00 ] 127.0.0.1 /public/fonts/glyphicons-halflings-regular.woff
INFO: [ app_init ] --START--
INFO: Run Behavior\BuildLiteBehavior [ RunTime:0.000036s ]
INFO: [ app_init ] --END-- [ RunTime:0.001474s ]
ERR: 无法加载模块:Public

[ 2017-11-08T15:52:24+08:00 ] 127.0.0.1 /public/fonts/glyphicons-halflings-regular.ttf
INFO: [ app_init ] --START--
INFO: Run Behavior\BuildLiteBehavior [ RunTime:0.000032s ]
INFO: [ app_init ] --END-- [ RunTime:0.001941s ]
ERR: 无法加载模块:Public

[ 2017-11-08T15:52:31+08:00 ] 127.0.0.1 /public/fonts/glyphicons-halflings-regular.woff
INFO: [ app_init ] --START--
INFO: Run Behavior\BuildLiteBehavior [ RunTime:0.000040s ]
INFO: [ app_init ] --END-- [ RunTime:0.002408s ]
ERR: 无法加载模块:Public

[ 2017-11-08T15:52:31+08:00 ] 127.0.0.1 /public/fonts/glyphicons-halflings-regular.ttf
INFO: [ app_init ] --START--
INFO: Run Behavior\BuildLiteBehavior [ RunTime:0.000028s ]
INFO: [ app_init ] --END-- [ RunTime:0.001939s ]
ERR: 无法加载模块:Public

[ 2017-11-08T15:53:02+08:00 ] 127.0.0.1 /public/fonts/glyphicons-halflings-regular.woff
INFO: [ app_init ] --START--
INFO: Run Behavior\BuildLiteBehavior [ RunTime:0.000025s ]
INFO: [ app_init ] --END-- [ RunTime:0.001416s ]
ERR: 无法加载模块:Public

[ 2017-11-08T15:53:02+08:00 ] 127.0.0.1 /public/fonts/glyphicons-halflings-regular.ttf
INFO: [ app_init ] --START--
INFO: Run Behavior\BuildLiteBehavior [ RunTime:0.000050s ]
INFO: [ app_init ] --END-- [ RunTime:0.001404s ]
ERR: 无法加载模块:Public

[ 2017-11-08T15:53:56+08:00 ] 127.0.0.1 /public/fonts/glyphicons-halflings-regular.woff
INFO: [ app_init ] --START--
INFO: Run Behavior\BuildLiteBehavior [ RunTime:0.000026s ]
INFO: [ app_init ] --END-- [ RunTime:0.001204s ]
ERR: 无法加载模块:Public

[ 2017-11-08T15:53:56+08:00 ] 127.0.0.1 /public/fonts/glyphicons-halflings-regular.ttf
INFO: [ app_init ] --START--
INFO: Run Behavior\BuildLiteBehavior [ RunTime:0.000025s ]
INFO: [ app_init ] --END-- [ RunTime:0.001280s ]
ERR: 无法加载模块:Public

[ 2017-11-08T16:01:06+08:00 ] 127.0.0.1 /public/fonts/glyphicons-halflings-regular.woff
INFO: [ app_init ] --START--
INFO: Run Behavior\BuildLiteBehavior [ RunTime:0.000026s ]
INFO: [ app_init ] --END-- [ RunTime:0.001309s ]
ERR: 无法加载模块:Public

[ 2017-11-08T16:01:06+08:00 ] 127.0.0.1 /public/fonts/glyphicons-halflings-regular.ttf
INFO: [ app_init ] --START--
INFO: Run Behavior\BuildLiteBehavior [ RunTime:0.000050s ]
INFO: [ app_init ] --END-- [ RunTime:0.001984s ]
ERR: 无法加载模块:Public

[ 2017-11-08T16:05:36+08:00 ] 127.0.0.1 /public/fonts/glyphicons-halflings-regular.woff
INFO: [ app_init ] --START--
INFO: Run Behavior\BuildLiteBehavior [ RunTime:0.000027s ]
INFO: [ app_init ] --END-- [ RunTime:0.001491s ]
ERR: 无法加载模块:Public

[ 2017-11-08T16:05:36+08:00 ] 127.0.0.1 /public/fonts/glyphicons-halflings-regular.ttf
INFO: [ app_init ] --START--
INFO: Run Behavior\BuildLiteBehavior [ RunTime:0.000026s ]
INFO: [ app_init ] --END-- [ RunTime:0.001209s ]
ERR: 无法加载模块:Public

[ 2017-11-08T16:05:38+08:00 ] 127.0.0.1 /public/fonts/glyphicons-halflings-regular.woff
INFO: [ app_init ] --START--
INFO: Run Behavior\BuildLiteBehavior [ RunTime:0.000026s ]
INFO: [ app_init ] --END-- [ RunTime:0.002432s ]
ERR: 无法加载模块:Public

[ 2017-11-08T16:05:39+08:00 ] 127.0.0.1 /public/fonts/glyphicons-halflings-regular.ttf
INFO: [ app_init ] --START--
INFO: Run Behavior\BuildLiteBehavior [ RunTime:0.000023s ]
INFO: [ app_init ] --END-- [ RunTime:0.001283s ]
ERR: 无法加载模块:Public

[ 2017-11-08T16:10:14+08:00 ] 127.0.0.1 /public/fonts/glyphicons-halflings-regular.woff
INFO: [ app_init ] --START--
INFO: Run Behavior\BuildLiteBehavior [ RunTime:0.000026s ]
INFO: [ app_init ] --END-- [ RunTime:0.001278s ]
ERR: 无法加载模块:Public

[ 2017-11-08T16:10:14+08:00 ] 127.0.0.1 /public/fonts/glyphicons-halflings-regular.ttf
INFO: [ app_init ] --START--
INFO: Run Behavior\BuildLiteBehavior [ RunTime:0.000032s ]
INFO: [ app_init ] --END-- [ RunTime:0.002160s ]
ERR: 无法加载模块:Public

[ 2017-11-08T16:11:38+08:00 ] 127.0.0.1 /favicon.ico
INFO: [ app_init ] --START--
INFO: Run Behavior\BuildLiteBehavior [ RunTime:0.000021s ]
INFO: [ app_init ] --END-- [ RunTime:0.000916s ]
ERR: 无法加载模块:Favicon

[ 2017-11-08T16:12:07+08:00 ] 127.0.0.1 /public/fonts/glyphicons-halflings-regular.woff
INFO: [ app_init ] --START--
INFO: Run Behavior\BuildLiteBehavior [ RunTime:0.000026s ]
INFO: [ app_init ] --END-- [ RunTime:0.003035s ]
ERR: 无法加载模块:Public

[ 2017-11-08T16:12:07+08:00 ] 127.0.0.1 /public/fonts/glyphicons-halflings-regular.ttf
INFO: [ app_init ] --START--
INFO: Run Behavior\BuildLiteBehavior [ RunTime:0.000026s ]
INFO: [ app_init ] --END-- [ RunTime:0.001253s ]
ERR: 无法加载模块:Public

[ 2017-11-08T16:12:11+08:00 ] 127.0.0.1 /public/fonts/glyphicons-halflings-regular.woff
INFO: [ app_init ] --START--
INFO: Run Behavior\BuildLiteBehavior [ RunTime:0.000027s ]
INFO: [ app_init ] --END-- [ RunTime:0.001877s ]
ERR: 无法加载模块:Public

[ 2017-11-08T16:12:11+08:00 ] 127.0.0.1 /public/fonts/glyphicons-halflings-regular.ttf
INFO: [ app_init ] --START--
INFO: Run Behavior\BuildLiteBehavior [ RunTime:0.000027s ]
INFO: [ app_init ] --END-- [ RunTime:0.001630s ]
ERR: 无法加载模块:Public

[ 2017-11-08T16:13:50+08:00 ] 127.0.0.1 /favicon.ico
INFO: [ app_init ] --START--
INFO: Run Behavior\BuildLiteBehavior [ RunTime:0.000029s ]
INFO: [ app_init ] --END-- [ RunTime:0.002069s ]
ERR: 无法加载模块:Favicon

[ 2017-11-08T16:13:59+08:00 ] 127.0.0.1 /public/fonts/glyphicons-halflings-regular.woff
INFO: [ app_init ] --START--
INFO: Run Behavior\BuildLiteBehavior [ RunTime:0.000020s ]
INFO: [ app_init ] --END-- [ RunTime:0.001020s ]
ERR: 无法加载模块:Public

[ 2017-11-08T16:13:59+08:00 ] 127.0.0.1 /public/fonts/glyphicons-halflings-regular.ttf
INFO: [ app_init ] --START--
INFO: Run Behavior\BuildLiteBehavior [ RunTime:0.000023s ]
INFO: [ app_init ] --END-- [ RunTime:0.000991s ]
ERR: 无法加载模块:Public

[ 2017-11-08T18:25:10+08:00 ] 127.0.0.1 /favicon.ico
INFO: [ app_init ] --START--
INFO: Run Behavior\BuildLiteBehavior [ RunTime:0.000023s ]
INFO: [ app_init ] --END-- [ RunTime:0.001536s ]
ERR: 无法加载模块:Favicon

[ 2017-11-08T18:25:23+08:00 ] 127.0.0.1 /public/fonts/glyphicons-halflings-regular.woff
INFO: [ app_init ] --START--
INFO: Run Behavior\BuildLiteBehavior [ RunTime:0.000032s ]
INFO: [ app_init ] --END-- [ RunTime:0.001466s ]
ERR: 无法加载模块:Public

[ 2017-11-08T18:25:24+08:00 ] 127.0.0.1 /public/fonts/glyphicons-halflings-regular.ttf
INFO: [ app_init ] --START--
INFO: Run Behavior\BuildLiteBehavior [ RunTime:0.000035s ]
INFO: [ app_init ] --END-- [ RunTime:0.001556s ]
ERR: 无法加载模块:Public

[ 2017-11-08T20:13:58+08:00 ] 127.0.0.1 /favicon.ico
INFO: [ app_init ] --START--
INFO: Run Behavior\BuildLiteBehavior [ RunTime:0.000022s ]
INFO: [ app_init ] --END-- [ RunTime:0.001046s ]
ERR: 无法加载模块:Favicon

[ 2017-11-08T20:14:07+08:00 ] 127.0.0.1 /public/fonts/glyphicons-halflings-regular.woff
INFO: [ app_init ] --START--
INFO: Run Behavior\BuildLiteBehavior [ RunTime:0.000026s ]
INFO: [ app_init ] --END-- [ RunTime:0.002748s ]
ERR: 无法加载模块:Public

[ 2017-11-08T20:14:09+08:00 ] 127.0.0.1 /public/fonts/glyphicons-halflings-regular.ttf
INFO: [ app_init ] --START--
INFO: Run Behavior\BuildLiteBehavior [ RunTime:0.000027s ]
INFO: [ app_init ] --END-- [ RunTime:0.001784s ]
ERR: 无法加载模块:Public

